Z³e u¿ycie czatu|0|Z³ym u¿yciem czatu jest na przyk³ad próba handlu na /cb * Ponadto na czatach {ffffff}/m, /og(/ad), /n, /o, /news, czatów globalnych frakcji i podczas wywiadu {a9c4e4}trzeba zachowaæ kulturê!
Pisanie emotikon na czacie IC|0|Na czatach IC nie dopuszcza siê emotek. Mo¿na to zast¹piæ na przyk³ad akcj¹ {ffffff}/me uœmiecha siê.
IC w OOC|0|Pisanie rzeczy IC na chacie OOC. Przyk³adem tego jest za³atwianie spraw swojej postaci (np. kupywanie auta) kontaktuj¹c siê z innym graczem za pomoc¹ /w.
OOC w IC|0|Pisanie rzeczy OOC na chacie IC.
BMX Bunny Hopping (BBH)|0|Skakanie na BMX'ie po samochodach graczy/graczach (karane na skargê gracza).
Ninja Jacking (NJ)|1|Wyrzucanie gracza (kierowcy) z pojazdu bez wyraŸnego powodu IC.
MetaGaming (MG)|1|Znaczne naruszenie zasady nieprzenikalnoœci informacji OOC do œwiata IC. * Twoja postaæ nie mo¿e mówiæ o twoich osobistych sprawach, o komendach do sterowania ni¹, o tym, ¿e grasz teraz na serwerze. Ona po prostu o tym nie wie.
DM 1 Stopnia|1|Wystêpuje, gdy gracz do DM'u u¿ywa tylko broni bia³ej (oprócz pi³y) b¹dŸ piêœci.
DM 2 Stopnia|2|Wystêpuje gdy gracz do DM'u u¿ywa broni palnej/pi³y/materia³ów wybuchowych.
PowerGaming (PG)|2|Znaczne z³amanie/naruszenie zasady umo¿liwienia reakcji lub zachowania realizmu. 
Celowe Zderzenia|2|Niszczenie przydro¿nych konstrukcji, uderzanie w samochody oraz graczy bez wyraŸnego powodu IC (jedynie w celu dezorganizacji gry).
Noob Kill|3|Zabicie gracza z powodu nieznajomoœci zasad RP. 
Ucieczka od akcji, nieodgrywanie|3|Nasz serwer jest serwerem Role Play a wiêc wszyscy s¹ zobowi¹zani do odgrywania akcji. * Je¿eli ktoœ napiszê akcjê skierowan¹ do ciebie masz obowi¹zek zareagowaæ (pozytywnie lub negatywnie).
Revenge Kill (RK)|3|Po œmierci postaci mszczenie siê na zabójcy b¹dŸ przybycie w miejsce uœmiercenia i dalsze odgrywanie. * Na miejsce œmierci mo¿na przybyæ po 10 minutach, je¿eli akcja przy której ponieœliœmy œmieræ zakoñczy³a siê. * Przyk³ad: Je¿eli umar³eœ podczas napadu i wracasz po 10 minutach ale napad nadal trwa = RK
Car Kill (CK2)|3|Przytrzymanie gracza pod pojazdem, powoduj¹ce utratê jego HP lub œmieræ.
Heli Kill (HK)|3|Zabicie gracza œmig³em helikoptera.
Drive By (DB)|3|Strzelanie z pojazdu na miejscu kierowcy.
Mordowanie za WL|3|Za umyœlne zamordowanie gracza z WL (Poziom Poszukiwania, Wanted Level) bez próby zatrzymania go lub mordowanie graczy z WL którzy podnieœli rêce i rzucili broñ na ziemiê.
Nabijanie WL|3|Kilkukrotne zwiêkszenie WL (Poziom Poszukiwania, Wanted Level) graczowi za to samo przestêpstwo ( w czasie krótszym ni¿ 5min).
Obra¿anie OOC|3|Kierowanie do gracza s³ów uznawanych za wulgarne maj¹cych na celu jego zniewa¿enie.
Gwa³t/okaleczenie bez zgody OOC|4|Aby zgwa³ciæ lub okaleczyæ gracza, gracz gwa³cony/okaleczany musi siê na zgodziæ na chacie OOC.
DM Podczas Eventu|4|DM podczas eventu lub masowego wydarzenia w którym uczestniczy wiêcej ni¿ 10 osób maj¹cy na celu jego dezorganizacjê (nie wydarzeñ polegaj¹cych lub wymuszaj¹cych wzajemn¹ wymian¹ ognia)
EXtremalny DM|4|Zabicie wiêcej ni¿ conajmniej 5 graczy w krótkim odstêpie czasu.
Spamowanie|4|Kilkukrotne napisanie wiadomoœci o takim samym sensie merytorycznym w krótkim odstêpie czasu.
Oszustwa OOC|4|Oszukiwanie OOC w sprawach dotycz¹cych rozgrywki na serwerze.
Szkodzenie serwerowi|4|Zachowania uznawane za szkodzenie serwerowi s¹ opisane poni¿ej i tylko te zachowania mog¹ byæ uznane za szkodzenie serwerowi. * » Zastawiwanie przejazdu poci¹giem * » Crashowanie serwera * » Holowanie czo³gu, samolotów, helikopterów w celu dezorganizacji rozgrywki * » Spychanie helikopterów LSPD z dachu komistariatu
Bug Using (BU)|4|Wykorzystywanie buga/niedoci¹gniêcia na serwerze w celu uzyskania korzyœci b¹dŸ utrudnienia/uprzykrzenia rozgrywki innym. * Pod Bug Using podchodzi tak¿e oszukiwanie systemów serwera (np. nabijanie skilla). *  *  {ffffff}Za BU s¹ uznawane:{a9c4e4} * » BU animacje ( /animped, /animswat ) * » C-BUG, Glitch ( DE z okna ) *  * {ffffff}Za BU nie s¹ uznawane: {a9c4e4} * » BU NRG w LV, Maverick w LV * » Tappowanie (naciskanie strza³ki na motorze) * » BU szybsze poruszanie siê * » BU szlabany pod komi
Ban Evading (BE)|5|Omijanie kary bana (kara bana dotyczy realnej osoby, nie postaci).
Reklamowanie|5|Pisanie na jakimkolwiek czacie reklam lub nazw czy odnoœników do innych serwerów RP.
Kradzie¿ kont|5|Niepowo³ane wejœcie na konto innego gracza.
Sprzeda¿ kont|5|Sprzeda¿/udostêpnianie konta lub rzeczy do konta przypisanej za korzyœci OOC. Konta s¹ w³asnoœci¹ Mrucznik-RP i nie zezwala siê na sprzedawanie ich lub ich czêœci.
Czitowanie|5|U¿ywanie programów/modów, które w znaczny sposób upraszczaj¹/modyfikuj¹/ingeruj¹ w rozgrywke na serwerze.
Celebrity Name (CN)|6|Posiadanie nicku osoby s³awnej/historycznej. Przyk³ad: George Washington. *  * Kar¹ za{ffffff} posiadanie niepoprawnego nicku jest: {a9c4e4}Block, lub osoba z CN musi zmieniæ nick
Z³y Nick|6|Niezastosowanie siê do zasady nicków, czyli nieposiadanie nicku Imie_Nazwisko. *  * Kar¹ za{ffffff} posiadanie niepoprawnego nicku jest: {a9c4e4}Block, lub osoba ze z³ym nickiem musi go zmieniæ.
Z³e u¿ycie czatu globalnego|6|U¿ywanie czatów /o, /ad, /news, /(v)opis frakcyjnych og³oszeñ niezgodnie z ich przeznaczeniem. *  * Kar¹ za{ffffff} z³e u¿ycie czatu globalnego{a9c4e4} jest blokada pisania na czatach globalnych do 8h, warn
Away From Keyboard (AFK)|6|Bycie nieaktywnym przez czas d³u¿szy ni¿ 5 minut. * Odstêp pomiêdzy nieaktywnoœciami minimum 3 minuty, inaczej czas nieaktywnoœci siê nie zeruje). *  * Kar¹ za{ffffff} AFK {a9c4e4}jest kick
Non-RP|6|Jest to granie niezgodnie z zasadami Role Play. Jest to bardzo ogólne pojêcie. * Chodzi w nim o to, ¿e zachowania bardzo skrajne lub nie spotykane w prawdziwym ¿yciu s¹ uwa¿ane za non-rp. *  * Kar¹ za{ffffff} Non-RP{a9c4e4} jest Kick, /slap+pouczenie
Przelewanie maj¹tku|6|Przekazywanie kwot w sumie przekraczaj¹cej 20kk lub 50% maj¹tku wliczaj¹c w to domy i samochody. * Dotyczy to równie¿ po¿yczek i handlu przedmiotami o bezpodstawnie zawy¿onej wartoœci. *  * Kar¹ za {ffffff}Przelewanie maj¹tku{a9c4e4} jest block, czystka konta